#
# A fatal error has been detected by the Java Runtime Environment:
#
#  SIGSEGV (0xb) at pc=0x00007fc873524564, pid=6998, tid=140498466236160
#
# JRE version: Java(TM) SE Runtime Environment (8.0_72-b15) (build 1.8.0_72-b15)
# Java VM: Java HotSpot(TM) 64-Bit Server VM (25.72-b15 mixed mode linux-amd64 compressed oops)
# Problematic frame:
# V  [libjvm.so+0x8a6564]  Method::checked_resolve_jmethod_id(_jmethodID*)+0x34
#
# Failed to write core dump. Core dumps have been disabled. To enable core dumping, try "ulimit -c unlimited" before starting Java again
#
# If you would like to submit a bug report, please visit:
#   http://bugreport.java.com/bugreport/crash.jsp
#

---------------  T H R E A D  ---------------

Current thread (0x00007fc86c0c5800):  JavaThread "JDWP Transport Listener: dt_socket" daemon [_thread_in_vm, id=7023, stack(0x00007fc8591be000,0x00007fc8592bf000)]

siginfo: si_signo: 11 (SIGSEGV), si_code: 128 (SI_KERNEL), si_addr: 0x0000000000000000

Registers:
RAX=0x6176616a4c3b676e, RBX=0x00007fc83800af50, RCX=0x00007fc874656320, RDX=0x00007fc873c33640
RSP=0x00007fc8592bd710, RBP=0x00007fc8592bd720, RSI=0x00007fc86c0c5800, RDI=0x00007fc83800af50
R8 =0x0000000000000000, R9 =0x00007fc83800b140, R10=0x0000000000000090, R11=0x00007fc873de5c70
R12=0x0000000000000017, R13=0x00007fc83800ab40, R14=0x00007fc86c0c5800, R15=0x00007fc8592bd827
RIP=0x00007fc873524564, EFLAGS=0x0000000000010212, CSGSFS=0x0000000000000033, ERR=0x0000000000000000
  TRAPNO=0x000000000000000d

Top of Stack: (sp=0x00007fc8592bd710)
0x00007fc8592bd710:   0000000000000074 00007fc86c003f70
0x00007fc8592bd720:   00007fc8592bd790 00007fc8733b4cae
0x00007fc8592bd730:   0000000000000073 00007fc8592bd740
0x00007fc8592bd740:   00007fc86c0c5800 0000000000000000
0x00007fc8592bd750:   00007fc800000000 0000000000000000
0x00007fc8592bd760:   00007fc8592bd780 00007fc872334e40
0x00007fc8592bd770:   00007fc83800ab40 00007fc8592bd827
0x00007fc8592bd780:   0000000000000003 00007fc8592bd827
0x00007fc8592bd790:   00007fc8592bd7c0 00007fc8721208c2
0x00007fc8592bd7a0:   00007fc8592bd7c0 00007fc83800ab40
0x00007fc8592bd7b0:   00007fc8592bd890 0000000000000018
0x00007fc8592bd7c0:   00007fc8592bd850 00007fc872101aa0
0x00007fc8592bd7d0:   00007fc8592bd808 00007fc8592bd800
0x00007fc8592bd7e0:   00007fc8592bd7f8 00007fc8592bd81c
0x00007fc8592bd7f0:   0000000138002e00 0000000000000000
0x00007fc8592bd800:   0000000000000000 0000000000000000
0x00007fc8592bd810:   00007fc83800ad20 0000000a592bd890
0x00007fc8592bd820:   0000000000000004 0000000000000002
0x00007fc8592bd830:   000000000000000f 0000000000000002
0x00007fc8592bd840:   00000000000f0200 000000000000000f
0x00007fc8592bd850:   00007fc8592bdaa0 00007fc87210c9c6
0x00007fc8592bd860:   0000394700000013 00007fc8730f0200
0x00007fc8592bd870:   00007fc830000ba0 0000000000000000
0x00007fc8592bd880:   00007fc8592bd890 00007fc8592bda20
0x00007fc8592bd890:   00007fc83800bade 00007fc80000023a
0x00007fc8592bd8a0:   00007fc83800ab60 000000000000012c
0x00007fc8592bd8b0:   00007fc8592bd8e0 00007fc83800ab60
0x00007fc8592bd8c0:   00007f0000000000 000039470000000f
0x00007fc8592bd8d0:   00007fc80000da80 00007fc8592bd8e0
0x00007fc8592bd8e0:   c87f000004000000 0400000060350038
0x00007fc8592bd8f0:   160000006e69616d 2f6176616a4c5b28
0x00007fc8592bd900:   7274532f676e616c 000056293b676e69 

Instructions: (pc=0x00007fc873524564)
0x00007fc873524544:   83 c4 08 5b c9 c3 66 0f 1f 44 00 00 48 8b 1f 48
0x00007fc873524554:   85 db 74 e6 48 83 fb 37 74 e0 48 8b 03 48 89 df
0x00007fc873524564:   ff 50 10 84 c0 0f 1f 80 00 00 00 00 75 ce 66 0f
0x00007fc873524574:   1f 44 00 00 eb c4 66 0f 1f 44 00 00 55 48 89 e5 

Register to memory mapping:

RAX=0x6176616a4c3b676e is an unknown value
RBX=0x00007fc83800af50 is an unknown value
RCX=0x00007fc874656320: <offset 0x219320> in /lib/x86_64-linux-gnu/libpthread.so.0 at 0x00007fc87443d000
RDX=0x00007fc873c33640: <offset 0xfb5640> in /usr/lib/jvm/java-8-oracle/jre/lib/amd64/server/libjvm.so at 0x00007fc872c7e000
RSP=0x00007fc8592bd710 is pointing into the stack for thread: 0x00007fc86c0c5800
RBP=0x00007fc8592bd720 is pointing into the stack for thread: 0x00007fc86c0c5800
RSI=0x00007fc86c0c5800 is a thread
RDI=0x00007fc83800af50 is an unknown value
R8 =0x0000000000000000 is an unknown value
R9 =0x00007fc83800b140 is an unknown value
R10=0x0000000000000090 is an unknown value
R11=0x00007fc873de5c70: <offset 0x187c70> in /lib/x86_64-linux-gnu/libc.so.6 at 0x00007fc873c5e000
R12=0x0000000000000017 is an unknown value
R13=0x00007fc83800ab40 is an unknown value
R14=0x00007fc86c0c5800 is a thread
R15=0x00007fc8592bd827 is pointing into the stack for thread: 0x00007fc86c0c5800


Stack: [0x00007fc8591be000,0x00007fc8592bf000],  sp=0x00007fc8592bd710,  free space=1021k
Native frames: (J=compiled Java code, j=interpreted, Vv=VM code, C=native code)
V  [libjvm.so+0x8a6564]  Method::checked_resolve_jmethod_id(_jmethodID*)+0x34
V  [libjvm.so+0x736cae]  jvmti_IsMethodSynthetic+0x2be
C  [libjdwp.so+0x258c2]  isMethodSynthetic+0x42
C  [libjdwp.so+0x6aa0]  methods1+0x1b0
C  [libjdwp.so+0x119c6]  debugLoop_run+0x2b6
C  [libjdwp.so+0x247ff]  attachThread+0x2f
V  [libjvm.so+0x7a3432]  JvmtiAgentThread::call_start_function()+0xc2
V  [libjvm.so+0xa69dcf]  JavaThread::thread_main_inner()+0xdf
V  [libjvm.so+0xa69efc]  JavaThread::run()+0x11c
V  [libjvm.so+0x91d9d8]  java_start(Thread*)+0x108
C  [libpthread.so.0+0x8182]  start_thread+0xc2


---------------  P R O C E S S  ---------------

Java Threads: ( => current thread )
  0x00007fc86c0d4000 JavaThread "Service Thread" daemon [_thread_blocked, id=7034, stack(0x00007fc858bb8000,0x00007fc858cb9000)]
  0x00007fc86c0d0000 JavaThread "C1 CompilerThread2" daemon [_thread_blocked, id=7033, stack(0x00007fc858cb9000,0x00007fc858dba000)]
  0x00007fc86c0ce000 JavaThread "C2 CompilerThread1" daemon [_thread_blocked, id=7032, stack(0x00007fc858dba000,0x00007fc858ebb000)]
  0x00007fc86c0cb800 JavaThread "C2 CompilerThread0" daemon [_thread_blocked, id=7031, stack(0x00007fc858ebb000,0x00007fc858fbc000)]
  0x00007fc838001000 JavaThread "JDWP Command Reader" daemon [_thread_in_native, id=7029, stack(0x00007fc858fbc000,0x00007fc8590bd000)]
  0x00007fc86c0c9000 JavaThread "JDWP Event Helper Thread" daemon [_thread_blocked, id=7027, stack(0x00007fc8590bd000,0x00007fc8591be000)]
=>0x00007fc86c0c5800 JavaThread "JDWP Transport Listener: dt_socket" daemon [_thread_in_vm, id=7023, stack(0x00007fc8591be000,0x00007fc8592bf000)]
  0x00007fc86c0b9000 JavaThread "Signal Dispatcher" daemon [_thread_blocked, id=7019, stack(0x00007fc8594c3000,0x00007fc8595c4000)]
  0x00007fc86c087000 JavaThread "Finalizer" daemon [_thread_blocked, id=7016, stack(0x00007fc8595c4000,0x00007fc8596c5000)]
  0x00007fc86c082800 JavaThread "Reference Handler" daemon [_thread_blocked, id=7015, stack(0x00007fc8596c5000,0x00007fc8597c6000)]
  0x00007fc86c00c800 JavaThread "main" [_thread_blocked, id=7002, stack(0x00007fc87475f000,0x00007fc874860000)]

Other Threads:
  0x00007fc86c07a800 VMThread [stack: 0x00007fc8597c6000,0x00007fc8598c7000] [id=7012]
  0x00007fc86c0d6800 WatcherThread [stack: 0x00007fc858ab7000,0x00007fc858bb8000] [id=7035]

VM state:not at safepoint (normal execution)

VM Mutex/Monitor currently owned by a thread: None

Heap:
 PSYoungGen      total 18432K, used 13078K [0x00000000ebf80000, 0x00000000ed400000, 0x0000000100000000)
  eden space 15872K, 82% used [0x00000000ebf80000,0x00000000ecc45810,0x00000000ecf00000)
  from space 2560K, 0% used [0x00000000ed180000,0x00000000ed180000,0x00000000ed400000)
  to   space 2560K, 0% used [0x00000000ecf00000,0x00000000ecf00000,0x00000000ed180000)
 ParOldGen       total 42496K, used 0K [0x00000000c3e00000, 0x00000000c6780000, 0x00000000ebf80000)
  object space 42496K, 0% used [0x00000000c3e00000,0x00000000c3e00000,0x00000000c6780000)
 Metaspace       used 6381K, capacity 6596K, committed 6656K, reserved 1056768K
  class space    used 689K, capacity 726K, committed 768K, reserved 1048576K

Card table byte_map: [0x00007fc87081d000,0x00007fc8709ff000] byte_map_base: 0x00007fc8701fe000

Marking Bits: (ParMarkBitMap*) 0x00007fc873c33100
 Begin Bits: [0x00007fc85b1f0000, 0x00007fc85c0f8000)
 End Bits:   [0x00007fc85c0f8000, 0x00007fc85d000000)

Polling page: 0x00007fc87487a000

CodeCache: size=245760Kb used=2177Kb max_used=2190Kb free=243582Kb
 bounds [0x00007fc85d000000, 0x00007fc85d270000, 0x00007fc86c000000]
 total_blobs=712 nmethods=426 adapters=208
 compilation: enabled

Compilation events (10 events):
Event: 0.817 Thread 0x00007fc86c0cb800 nmethod 406 0x00007fc85d21c610 code [0x00007fc85d21c760, 0x00007fc85d21c898]
Event: 0.817 Thread 0x00007fc86c0cb800  402       4       java.lang.Math::min (11 bytes)
Event: 0.817 Thread 0x00007fc86c0cb800 nmethod 402 0x00007fc85d1dba90 code [0x00007fc85d1dbbc0, 0x00007fc85d1dbbf8]
Event: 0.851 Thread 0x00007fc86c0ce000 nmethod 392% 0x00007fc85d224a90 code [0x00007fc85d224ca0, 0x00007fc85d226220]
Event: 5.323 Thread 0x00007fc86c0d0000  424       3       java.util.HashMap$HashIterator::hasNext (13 bytes)
Event: 5.324 Thread 0x00007fc86c0d0000 nmethod 424 0x00007fc85d20aa50 code [0x00007fc85d20abc0, 0x00007fc85d20ad70]
Event: 5.324 Thread 0x00007fc86c0d0000  425       3       java.util.HashMap$HashIterator::nextNode (100 bytes)
Event: 5.326 Thread 0x00007fc86c0d0000 nmethod 425 0x00007fc85d21bcd0 code [0x00007fc85d21be80, 0x00007fc85d21c378]
Event: 5.326 Thread 0x00007fc86c0d0000  426       3       java.util.HashMap$KeyIterator::next (8 bytes)
Event: 5.326 Thread 0x00007fc86c0d0000 nmethod 426 0x00007fc85d224650 code [0x00007fc85d2247c0, 0x00007fc85d2249e8]

GC Heap History (0 events):
No events

Deoptimization events (1 events):
Event: 0.356 Thread 0x00007fc86c00c800 Uncommon trap: reason=unstable_if action=reinterpret pc=0x00007fc85d136260 method=java.lang.String.indexOf(II)I @ 49

Internal exceptions (6 events):
Event: 0.040 Thread 0x00007fc86c00c800 Exception <a 'java/lang/NoSuchMethodError': Method sun.misc.Unsafe.defineClass(Ljava/lang/String;[BII)Ljava/lang/Class; name or signature does not match> (0x00000000ebf87cc0) thrown at [/HUDSON/workspace/8-2-build-linux-amd64/jdk8u72/5732/hotspot/src/shar
Event: 0.040 Thread 0x00007fc86c00c800 Exception <a 'java/lang/NoSuchMethodError': Method sun.misc.Unsafe.prefetchRead(Ljava/lang/Object;J)V name or signature does not match> (0x00000000ebf87fa8) thrown at [/HUDSON/workspace/8-2-build-linux-amd64/jdk8u72/5732/hotspot/src/share/vm/prims/jni.cpp
Event: 0.375 Thread 0x00007fc86c00c800 Exception <a 'java/security/PrivilegedActionException'> (0x00000000ec4c75c0) thrown at [/HUDSON/workspace/8-2-build-linux-amd64/jdk8u72/5732/hotspot/src/share/vm/prims/jvm.cpp, line 1386]
Event: 0.375 Thread 0x00007fc86c00c800 Exception <a 'java/security/PrivilegedActionException'> (0x00000000ec4c79b8) thrown at [/HUDSON/workspace/8-2-build-linux-amd64/jdk8u72/5732/hotspot/src/share/vm/prims/jvm.cpp, line 1386]
Event: 0.376 Thread 0x00007fc86c00c800 Exception <a 'java/security/PrivilegedActionException'> (0x00000000ec4ca1c8) thrown at [/HUDSON/workspace/8-2-build-linux-amd64/jdk8u72/5732/hotspot/src/share/vm/prims/jvm.cpp, line 1386]
Event: 0.376 Thread 0x00007fc86c00c800 Exception <a 'java/security/PrivilegedActionException'> (0x00000000ec4ca5c0) thrown at [/HUDSON/workspace/8-2-build-linux-amd64/jdk8u72/5732/hotspot/src/share/vm/prims/jvm.cpp, line 1386]

Events (10 events):
Event: 12960.337 Executing VM operation: RedefineClasses
Event: 12960.344 Executing VM operation: RedefineClasses done
Event: 12960.409 Executing VM operation: ChangeBreakpoints
Event: 12960.409 Executing VM operation: ChangeBreakpoints done
Event: 12997.882 Executing VM operation: ChangeBreakpoints
Event: 12997.882 Executing VM operation: ChangeBreakpoints done
Event: 14981.774 Executing VM operation: RedefineClasses
Event: 14981.777 Executing VM operation: RedefineClasses done
Event: 15429.305 Executing VM operation: RedefineClasses
Event: 15429.308 Executing VM operation: RedefineClasses done


Dynamic libraries:
00400000-00401000 r-xp 00000000 08:06 1843070                            /usr/lib/jvm/java-8-oracle/bin/java
00600000-00601000 rw-p 00000000 08:06 1843070                            /usr/lib/jvm/java-8-oracle/bin/java
0178d000-017ae000 rw-p 00000000 00:00 0                                  [heap]
c3e00000-c6780000 rw-p 00000000 00:00 0 
c6780000-ebf80000 ---p 00000000 00:00 0 
ebf80000-ed400000 rw-p 00000000 00:00 0 
ed400000-100000000 ---p 00000000 00:00 0 
100000000-1000c0000 rw-p 00000000 00:00 0 
1000c0000-140000000 ---p 00000000 00:00 0 
7fc814000000-7fc814021000 rw-p 00000000 00:00 0 
7fc814021000-7fc818000000 ---p 00000000 00:00 0 
7fc81c000000-7fc81c021000 rw-p 00000000 00:00 0 
7fc81c021000-7fc820000000 ---p 00000000 00:00 0 
7fc820000000-7fc820322000 rw-p 00000000 00:00 0 
7fc820322000-7fc824000000 ---p 00000000 00:00 0 
7fc824000000-7fc824310000 rw-p 00000000 00:00 0 
7fc824310000-7fc828000000 ---p 00000000 00:00 0 
7fc828000000-7fc8282cf000 rw-p 00000000 00:00 0 
7fc8282cf000-7fc82c000000 ---p 00000000 00:00 0 
7fc82c000000-7fc82c021000 rw-p 00000000 00:00 0 
7fc82c021000-7fc830000000 ---p 00000000 00:00 0 
7fc830000000-7fc830021000 rw-p 00000000 00:00 0 
7fc830021000-7fc834000000 ---p 00000000 00:00 0 
7fc834000000-7fc834021000 rw-p 00000000 00:00 0 
7fc834021000-7fc838000000 ---p 00000000 00:00 0 
7fc838000000-7fc8382af000 rw-p 00000000 00:00 0 
7fc8382af000-7fc83c000000 ---p 00000000 00:00 0 
7fc83c000000-7fc83c021000 rw-p 00000000 00:00 0 
7fc83c021000-7fc840000000 ---p 00000000 00:00 0 
7fc840000000-7fc840021000 rw-p 00000000 00:00 0 
7fc840021000-7fc844000000 ---p 00000000 00:00 0 
7fc844000000-7fc844021000 rw-p 00000000 00:00 0 
7fc844021000-7fc848000000 ---p 00000000 00:00 0 
7fc848000000-7fc848021000 rw-p 00000000 00:00 0 
7fc848021000-7fc84c000000 ---p 00000000 00:00 0 
7fc84c000000-7fc84c021000 rw-p 00000000 00:00 0 
7fc84c021000-7fc850000000 ---p 00000000 00:00 0 
7fc850000000-7fc850021000 rw-p 00000000 00:00 0 
7fc850021000-7fc854000000 ---p 00000000 00:00 0 
7fc854000000-7fc854021000 rw-p 00000000 00:00 0 
7fc854021000-7fc858000000 ---p 00000000 00:00 0 
7fc858a64000-7fc858a77000 r--s 000fc000 08:06 2787180                    /home/m/github/libs/jackson-all-1.9.0.jar
7fc858a77000-7fc858a89000 r--s 00345000 08:06 2234597                    /usr/lib/jvm/java-8-oracle/jre/lib/resources.jar
7fc858a89000-7fc858a9c000 r--s 000d6000 08:06 2234800                    /usr/lib/jvm/java-8-oracle/jre/lib/plugin.jar
7fc858a9c000-7fc858ab7000 r--s 00208000 08:06 2234598                    /usr/lib/jvm/java-8-oracle/jre/lib/deploy.jar
7fc858ab7000-7fc858ab8000 ---p 00000000 00:00 0 
7fc858ab8000-7fc858bb8000 rw-p 00000000 00:00 0                          [stack:7035]
7fc858bb8000-7fc858bbb000 ---p 00000000 00:00 0 
7fc858bbb000-7fc858cb9000 rw-p 00000000 00:00 0                          [stack:7034]
7fc858cb9000-7fc858cbc000 ---p 00000000 00:00 0 
7fc858cbc000-7fc858dba000 rw-p 00000000 00:00 0                          [stack:7033]
7fc858dba000-7fc858dbd000 ---p 00000000 00:00 0 
7fc858dbd000-7fc858ebb000 rw-p 00000000 00:00 0                          [stack:7032]
7fc858ebb000-7fc858ebe000 ---p 00000000 00:00 0 
7fc858ebe000-7fc858fbc000 rw-p 00000000 00:00 0                          [stack:7031]
7fc858fbc000-7fc858fbf000 ---p 00000000 00:00 0 
7fc858fbf000-7fc8590bd000 rw-p 00000000 00:00 0                          [stack:7029]
7fc8590bd000-7fc8590c0000 ---p 00000000 00:00 0 
7fc8590c0000-7fc8591be000 rw-p 00000000 00:00 0                          [stack:7027]
7fc8591be000-7fc8591c1000 ---p 00000000 00:00 0 
7fc8591c1000-7fc8592bf000 rw-p 00000000 00:00 0                          [stack:7023]
7fc8592bf000-7fc8592c3000 r-xp 00000000 08:06 2365417                    /usr/lib/jvm/java-8-oracle/jre/lib/amd64/libdt_socket.so
7fc8592c3000-7fc8594c2000 ---p 00004000 08:06 2365417                    /usr/lib/jvm/java-8-oracle/jre/lib/amd64/libdt_socket.so
7fc8594c2000-7fc8594c3000 rw-p 00003000 08:06 2365417                    /usr/lib/jvm/java-8-oracle/jre/lib/amd64/libdt_socket.so
7fc8594c3000-7fc8594c6000 ---p 00000000 00:00 0 
7fc8594c6000-7fc8595c4000 rw-p 00000000 00:00 0                          [stack:7019]
7fc8595c4000-7fc8595c7000 ---p 00000000 00:00 0 
7fc8595c7000-7fc8596c5000 rw-p 00000000 00:00 0                          [stack:7016]
7fc8596c5000-7fc8596c8000 ---p 00000000 00:00 0 
7fc8596c8000-7fc8597c6000 rw-p 00000000 00:00 0                          [stack:7015]
7fc8597c6000-7fc8597c7000 ---p 00000000 00:00 0 
7fc8597c7000-7fc85a818000 rw-p 00000000 00:00 0                          [stack:7012]
7fc85a818000-7fc85a9f0000 r--s 03d1d000 08:06 2234616                    /usr/lib/jvm/java-8-oracle/jre/lib/rt.jar
7fc85a9f0000-7fc85afb0000 rw-p 00000000 00:00 0 
7fc85afb0000-7fc85b1f0000 ---p 00000000 00:00 0 
7fc85b1f0000-7fc85d000000 rw-p 00000000 00:00 0 
7fc85d000000-7fc85d270000 rwxp 00000000 00:00 0 
7fc85d270000-7fc86c000000 ---p 00000000 00:00 0 
7fc86c000000-7fc86c42a000 rw-p 00000000 00:00 0 
7fc86c42a000-7fc870000000 ---p 00000000 00:00 0 
7fc870004000-7fc870006000 rw-p 00000000 00:00 0 
7fc870006000-7fc870008000 r--s 0001e000 08:06 793497                     /home/m/Intellij/idea-IC-162.1812.17/lib/idea_rt.jar
7fc870008000-7fc87000c000 r--s 00097000 08:06 2234633                    /usr/lib/jvm/java-8-oracle/jre/lib/jsse.jar
7fc87000c000-7fc870011000 r--s 00084000 08:06 2234614                    /usr/lib/jvm/java-8-oracle/jre/lib/jfr.jar
7fc870011000-7fc8702d8000 rw-p 00000000 00:00 0 
7fc8702d8000-7fc8702d9000 ---p 00000000 00:00 0 
7fc8702d9000-7fc8703d9000 rw-p 00000000 00:00 0                          [stack:7010]
7fc8703d9000-7fc8703da000 ---p 00000000 00:00 0 
7fc8703da000-7fc8704da000 rw-p 00000000 00:00 0                          [stack:7009]
7fc8704da000-7fc8704db000 ---p 00000000 00:00 0 
7fc8704db000-7fc8705db000 rw-p 00000000 00:00 0                          [stack:7008]
7fc8705db000-7fc8705dc000 ---p 00000000 00:00 0 
7fc8705dc000-7fc8706f1000 rw-p 00000000 00:00 0                          [stack:7003]
7fc8706f1000-7fc87081d000 ---p 00000000 00:00 0 
7fc87081d000-7fc870832000 rw-p 00000000 00:00 0 
7fc870832000-7fc87095d000 ---p 00000000 00:00 0 
7fc87095d000-7fc870968000 rw-p 00000000 00:00 0 
7fc870968000-7fc8709fe000 ---p 00000000 00:00 0 
7fc8709fe000-7fc870a09000 rw-p 00000000 00:00 0 
7fc870a09000-7fc870dbf000 ---p 00000000 00:00 0 
7fc870dbf000-7fc870dd9000 r-xp 00000000 08:06 2365411                    /usr/lib/jvm/java-8-oracle/jre/lib/amd64/libzip.so
7fc870dd9000-7fc870fd9000 ---p 0001a000 08:06 2365411                    /usr/lib/jvm/java-8-oracle/jre/lib/amd64/libzip.so
7fc870fd9000-7fc870fda000 rw-p 0001a000 08:06 2365411                    /usr/lib/jvm/java-8-oracle/jre/lib/amd64/libzip.so
7fc870fda000-7fc870fe5000 r-xp 00000000 08:06 924328                     /lib/x86_64-linux-gnu/libnss_files-2.19.so
7fc870fe5000-7fc8711e4000 ---p 0000b000 08:06 924328                     /lib/x86_64-linux-gnu/libnss_files-2.19.so
7fc8711e4000-7fc8711e5000 r--p 0000a000 08:06 924328                     /lib/x86_64-linux-gnu/libnss_files-2.19.so
7fc8711e5000-7fc8711e6000 rw-p 0000b000 08:06 924328                     /lib/x86_64-linux-gnu/libnss_files-2.19.so
7fc8711e6000-7fc8711f1000 r-xp 00000000 08:06 924320                     /lib/x86_64-linux-gnu/libnss_nis-2.19.so
7fc8711f1000-7fc8713f0000 ---p 0000b000 08:06 924320                     /lib/x86_64-linux-gnu/libnss_nis-2.19.so
7fc8713f0000-7fc8713f1000 r--p 0000a000 08:06 924320                     /lib/x86_64-linux-gnu/libnss_nis-2.19.so
7fc8713f1000-7fc8713f2000 rw-p 0000b000 08:06 924320                     /lib/x86_64-linux-gnu/libnss_nis-2.19.so
7fc8713f2000-7fc871409000 r-xp 00000000 08:06 924316                     /lib/x86_64-linux-gnu/libnsl-2.19.so
7fc871409000-7fc871608000 ---p 00017000 08:06 924316                     /lib/x86_64-linux-gnu/libnsl-2.19.so
7fc871608000-7fc871609000 r--p 00016000 08:06 924316                     /lib/x86_64-linux-gnu/libnsl-2.19.so
7fc871609000-7fc87160a000 rw-p 00017000 08:06 924316                     /lib/x86_64-linux-gnu/libnsl-2.19.so
7fc87160a000-7fc87160c000 rw-p 00000000 00:00 0 
7fc87160c000-7fc871615000 r-xp 00000000 08:06 924315                     /lib/x86_64-linux-gnu/libnss_compat-2.19.so
7fc871615000-7fc871814000 ---p 00009000 08:06 924315                     /lib/x86_64-linux-gnu/libnss_compat-2.19.so
7fc871814000-7fc871815000 r--p 00008000 08:06 924315                     /lib/x86_64-linux-gnu/libnss_compat-2.19.so
7fc871815000-7fc871816000 rw-p 00009000 08:06 924315                     /lib/x86_64-linux-gnu/libnss_compat-2.19.so
7fc871816000-7fc871ef8000 r--p 00000000 08:06 1580057                    /usr/lib/locale/locale-archive
7fc871ef8000-7fc871efa000 r-xp 00000000 08:06 2365453                    /usr/lib/jvm/java-8-oracle/jre/lib/amd64/libnpt.so
7fc871efa000-7fc8720fa000 ---p 00002000 08:06 2365453                    /usr/lib/jvm/java-8-oracle/jre/lib/amd64/libnpt.so
7fc8720fa000-7fc8720fb000 rw-p 00002000 08:06 2365453                    /usr/lib/jvm/java-8-oracle/jre/lib/amd64/libnpt.so
7fc8720fb000-7fc872134000 r-xp 00000000 08:06 2365410                    /usr/lib/jvm/java-8-oracle/jre/lib/amd64/libjdwp.so
7fc872134000-7fc872333000 ---p 00039000 08:06 2365410                    /usr/lib/jvm/java-8-oracle/jre/lib/amd64/libjdwp.so
7fc872333000-7fc872335000 rw-p 00038000 08:06 2365410                    /usr/lib/jvm/java-8-oracle/jre/lib/amd64/libjdwp.so
7fc872335000-7fc87235f000 r-xp 00000000 08:06 2365428                    /usr/lib/jvm/java-8-oracle/jre/lib/amd64/libjava.so
7fc87235f000-7fc87255f000 ---p 0002a000 08:06 2365428                    /usr/lib/jvm/java-8-oracle/jre/lib/amd64/libjava.so
7fc87255f000-7fc872561000 rw-p 0002a000 08:06 2365428                    /usr/lib/jvm/java-8-oracle/jre/lib/amd64/libjava.so
7fc872561000-7fc87256e000 r-xp 00000000 08:06 2365425                    /usr/lib/jvm/java-8-oracle/jre/lib/amd64/libverify.so
7fc87256e000-7fc87276e000 ---p 0000d000 08:06 2365425                    /usr/lib/jvm/java-8-oracle/jre/lib/amd64/libverify.so
7fc87276e000-7fc872770000 rw-p 0000d000 08:06 2365425                    /usr/lib/jvm/java-8-oracle/jre/lib/amd64/libverify.so
7fc872770000-7fc872777000 r-xp 00000000 08:06 924324                     /lib/x86_64-linux-gnu/librt-2.19.so
7fc872777000-7fc872976000 ---p 00007000 08:06 924324                     /lib/x86_64-linux-gnu/librt-2.19.so
7fc872976000-7fc872977000 r--p 00006000 08:06 924324                     /lib/x86_64-linux-gnu/librt-2.19.so
7fc872977000-7fc872978000 rw-p 00007000 08:06 924324                     /lib/x86_64-linux-gnu/librt-2.19.so
7fc872978000-7fc872a7d000 r-xp 00000000 08:06 924310                     /lib/x86_64-linux-gnu/libm-2.19.so
7fc872a7d000-7fc872c7c000 ---p 00105000 08:06 924310                     /lib/x86_64-linux-gnu/libm-2.19.so
7fc872c7c000-7fc872c7d000 r--p 00104000 08:06 924310                     /lib/x86_64-linux-gnu/libm-2.19.so
7fc872c7d000-7fc872c7e000 rw-p 00105000 08:06 924310                     /lib/x86_64-linux-gnu/libm-2.19.so
7fc872c7e000-7fc87393d000 r-xp 00000000 08:06 2365463                    /usr/lib/jvm/java-8-oracle/jre/lib/amd64/server/libjvm.so
7fc87393d000-7fc873b3c000 ---p 00cbf000 08:06 2365463                    /usr/lib/jvm/java-8-oracle/jre/lib/amd64/server/libjvm.so
7fc873b3c000-7fc873c15000 rw-p 00cbe000 08:06 2365463                    /usr/lib/jvm/java-8-oracle/jre/lib/amd64/server/libjvm.so
7fc873c15000-7fc873c5e000 rw-p 00000000 00:00 0 
7fc873c5e000-7fc873e19000 r-xp 00000000 08:06 924325                     /lib/x86_64-linux-gnu/libc-2.19.so
7fc873e19000-7fc874018000 ---p 001bb000 08:06 924325                     /lib/x86_64-linux-gnu/libc-2.19.so
7fc874018000-7fc87401c000 r--p 001ba000 08:06 924325                     /lib/x86_64-linux-gnu/libc-2.19.so
7fc87401c000-7fc87401e000 rw-p 001be000 08:06 924325                     /lib/x86_64-linux-gnu/libc-2.19.so
7fc87401e000-7fc874023000 rw-p 00000000 00:00 0 
7fc874023000-7fc874026000 r-xp 00000000 08:06 924312                     /lib/x86_64-linux-gnu/libdl-2.19.so
7fc874026000-7fc874225000 ---p 00003000 08:06 924312                     /lib/x86_64-linux-gnu/libdl-2.19.so
7fc874225000-7fc874226000 r--p 00002000 08:06 924312                     /lib/x86_64-linux-gnu/libdl-2.19.so
7fc874226000-7fc874227000 rw-p 00003000 08:06 924312                     /lib/x86_64-linux-gnu/libdl-2.19.so
7fc874227000-7fc87423c000 r-xp 00000000 08:06 2234499                    /usr/lib/jvm/java-8-oracle/lib/amd64/jli/libjli.so
7fc87423c000-7fc87443c000 ---p 00015000 08:06 2234499                    /usr/lib/jvm/java-8-oracle/lib/amd64/jli/libjli.so
7fc87443c000-7fc87443d000 rw-p 00015000 08:06 2234499                    /usr/lib/jvm/java-8-oracle/lib/amd64/jli/libjli.so
7fc87443d000-7fc874456000 r-xp 00000000 08:06 924317                     /lib/x86_64-linux-gnu/libpthread-2.19.so
7fc874456000-7fc874655000 ---p 00019000 08:06 924317                     /lib/x86_64-linux-gnu/libpthread-2.19.so
7fc874655000-7fc874656000 r--p 00018000 08:06 924317                     /lib/x86_64-linux-gnu/libpthread-2.19.so
7fc874656000-7fc874657000 rw-p 00019000 08:06 924317                     /lib/x86_64-linux-gnu/libpthread-2.19.so
7fc874657000-7fc87465b000 rw-p 00000000 00:00 0 
7fc87465b000-7fc87467e000 r-xp 00000000 08:06 924318                     /lib/x86_64-linux-gnu/ld-2.19.so
7fc87467e000-7fc874687000 r--s 0006c000 08:06 2234637                    /usr/lib/jvm/java-8-oracle/jre/lib/javaws.jar
7fc874687000-7fc87475f000 rw-p 00000000 00:00 0 
7fc87475f000-7fc874762000 ---p 00000000 00:00 0 
7fc874762000-7fc874865000 rw-p 00000000 00:00 0                          [stack:7002]
7fc874865000-7fc874866000 r--s 00000000 08:06 2234632                    /usr/lib/jvm/java-8-oracle/jre/lib/management-agent.jar
7fc874866000-7fc874868000 r--s 00007000 08:06 2234696                    /usr/lib/jvm/java-8-oracle/jre/lib/jfxswt.jar
7fc874868000-7fc87486b000 r--s 0001a000 08:06 2234634                    /usr/lib/jvm/java-8-oracle/jre/lib/jce.jar
7fc87486b000-7fc874871000 r--s 002f8000 08:06 2234694                    /usr/lib/jvm/java-8-oracle/jre/lib/charsets.jar
7fc874871000-7fc874879000 rw-s 00000000 08:06 793309                     /tmp/hsperfdata_m/6998
7fc874879000-7fc87487a000 rw-p 00000000 00:00 0 
7fc87487a000-7fc87487b000 r--p 00000000 00:00 0 
7fc87487b000-7fc87487d000 rw-p 00000000 00:00 0 
7fc87487d000-7fc87487e000 r--p 00022000 08:06 924318                     /lib/x86_64-linux-gnu/ld-2.19.so
7fc87487e000-7fc87487f000 rw-p 00023000 08:06 924318                     /lib/x86_64-linux-gnu/ld-2.19.so
7fc87487f000-7fc874880000 rw-p 00000000 00:00 0 
7ffda767e000-7ffda76a0000 rw-p 00000000 00:00 0                          [stack]
7ffda77bd000-7ffda77bf000 r--p 00000000 00:00 0                          [vvar]
7ffda77bf000-7ffda77c1000 r-xp 00000000 00:00 0                          [vdso]
ffffffffff600000-ffffffffff601000 r-xp 00000000 00:00 0                  [vsyscall]

VM Arguments:
jvm_args: -agentlib:jdwp=transport=dt_socket,address=127.0.0.1:46527,suspend=y,server=n -Dfile.encoding=UTF-8 
java_command: com.m.Main
java_class_path (initial): /usr/lib/jvm/java-8-oracle/jre/lib/charsets.jar:/usr/lib/jvm/java-8-oracle/jre/lib/deploy.jar:/usr/lib/jvm/java-8-oracle/jre/lib/ext/cldrdata.jar:/usr/lib/jvm/java-8-oracle/jre/lib/ext/dnsns.jar:/usr/lib/jvm/java-8-oracle/jre/lib/ext/jaccess.jar:/usr/lib/jvm/java-8-oracle/jre/lib/ext/jfxrt.jar:/usr/lib/jvm/java-8-oracle/jre/lib/ext/localedata.jar:/usr/lib/jvm/java-8-oracle/jre/lib/ext/nashorn.jar:/usr/lib/jvm/java-8-oracle/jre/lib/ext/sunec.jar:/usr/lib/jvm/java-8-oracle/jre/lib/ext/sunjce_provider.jar:/usr/lib/jvm/java-8-oracle/jre/lib/ext/sunpkcs11.jar:/usr/lib/jvm/java-8-oracle/jre/lib/ext/zipfs.jar:/usr/lib/jvm/java-8-oracle/jre/lib/javaws.jar:/usr/lib/jvm/java-8-oracle/jre/lib/jce.jar:/usr/lib/jvm/java-8-oracle/jre/lib/jfr.jar:/usr/lib/jvm/java-8-oracle/jre/lib/jfxswt.jar:/usr/lib/jvm/java-8-oracle/jre/lib/jsse.jar:/usr/lib/jvm/java-8-oracle/jre/lib/management-agent.jar:/usr/lib/jvm/java-8-oracle/jre/lib/plugin.jar:/usr/lib/jvm/java-8-oracle/jre/lib/resources.jar:/usr/lib/jvm/java-8-oracle/jre/lib/rt.jar:/home/m/github/matching_problem/out/production/matching_problem:/home/m/github/libs/jackson-all-1.9.0.jar:/home/m/Intellij/idea-IC-162.1812.17/lib/idea_rt.jar
Launcher Type: SUN_STANDARD

Environment Variables:
JAVA_HOME=/usr/lib/jvm/java-8-oracle
CLASSPATH=/home/m/Intellij/idea-IC-162.1812.17/bin/../lib/bootstrap.jar:/home/m/Intellij/idea-IC-162.1812.17/bin/../lib/extensions.jar:/home/m/Intellij/idea-IC-162.1812.17/bin/../lib/util.jar:/home/m/Intellij/idea-IC-162.1812.17/bin/../lib/jdom.jar:/home/m/Intellij/idea-IC-162.1812.17/bin/../lib/log4j.jar:/home/m/Intellij/idea-IC-162.1812.17/bin/../lib/trove4j.jar:/home/m/Intellij/idea-IC-162.1812.17/bin/../lib/jna.jar:/home/m/Intellij/idea-IC-162.1812.17/bin/../jre/lib/tools.jar
PATH=/usr/local/sbin:/usr/local/bin:/usr/sbin:/usr/bin:/sbin:/bin:/usr/games:/usr/local/games:/home/m/Android/Sdk/tools:/home/m/Android/Sdk/platform-tools:/home/m/Android/Sdk/tools:/home/m/Android/Sdk/platform-tools:/home/m/Android/Sdk/tools:/home/m/Android/Sdk/platform-tools:/home/m/Android/Sdk/tools:/home/m/Android/Sdk/platform-tools:/home/m/Android/Sdk/tools:/home/m/Android/Sdk/platform-tools:/home/m/Android/Sdk/tools:/home/m/Android/Sdk/platform-tools:/home/m/Android/Sdk/tools:/home/m/Android/Sdk/platform-tools:/home/m/Android/Sdk/tools:/home/m/Android/Sdk/platform-tools
LD_LIBRARY_PATH=/home/m/Intellij/idea-IC-162.1812.17/bin:
SHELL=/bin/bash
DISPLAY=:0

Signal Handlers:
SIGSEGV: [libjvm.so+0xabb070], sa_mask[0]=11111111011111111101111111111110, sa_flags=SA_RESTART|SA_SIGINFO
SIGBUS: [libjvm.so+0xabb070], sa_mask[0]=11111111011111111101111111111110, sa_flags=SA_RESTART|SA_SIGINFO
SIGFPE: [libjvm.so+0x918480], sa_mask[0]=11111111011111111101111111111110, sa_flags=SA_RESTART|SA_SIGINFO
SIGPIPE: [libjvm.so+0x918480], sa_mask[0]=11111111011111111101111111111110, sa_flags=SA_RESTART|SA_SIGINFO
SIGXFSZ: [libjvm.so+0x918480], sa_mask[0]=11111111011111111101111111111110, sa_flags=SA_RESTART|SA_SIGINFO
SIGILL: [libjvm.so+0x918480], sa_mask[0]=11111111011111111101111111111110, sa_flags=SA_RESTART|SA_SIGINFO
SIGUSR1: SIG_DFL, sa_mask[0]=00000000000000000000000000000000, sa_flags=none
SIGUSR2: [libjvm.so+0x919ab0], sa_mask[0]=00100000000000000000000000000000, sa_flags=SA_RESTART|SA_SIGINFO
SIGHUP: [libjvm.so+0x91aeb0], sa_mask[0]=11111111011111111101111111111110, sa_flags=SA_RESTART|SA_SIGINFO
SIGINT: [libjvm.so+0x91aeb0], sa_mask[0]=11111111011111111101111111111110, sa_flags=SA_RESTART|SA_SIGINFO
SIGTERM: [libjvm.so+0x91aeb0], sa_mask[0]=11111111011111111101111111111110, sa_flags=SA_RESTART|SA_SIGINFO
SIGQUIT: [libjvm.so+0x91aeb0], sa_mask[0]=11111111011111111101111111111110, sa_flags=SA_RESTART|SA_SIGINFO


---------------  S Y S T E M  ---------------

OS:DISTRIB_ID=Ubuntu
DISTRIB_RELEASE=14.04
DISTRIB_CODENAME=trusty
DISTRIB_DESCRIPTION="Ubuntu 14.04.3 LTS"

uname:Linux 3.19.0-25-generic #26~14.04.1-Ubuntu SMP Fri Jul 24 21:16:20 UTC 2015 x86_64
libc:glibc 2.19 NPTL 2.19 
rlimit: STACK 8192k, CORE 0k, NPROC 14596, NOFILE 4096, AS infinity
load average:0.80 0.43 0.43

/proc/meminfo:
MemTotal:        3939304 kB
MemFree:          298612 kB
MemAvailable:     784568 kB
Buffers:           32712 kB
Cached:           993824 kB
SwapCached:        19096 kB
Active:          2252992 kB
Inactive:        1197944 kB
Active(anon):    1979552 kB
Inactive(anon):   836000 kB
Active(file):     273440 kB
Inactive(file):   361944 kB
Unevictable:          64 kB
Mlocked:              64 kB
SwapTotal:       4086780 kB
SwapFree:        3860180 kB
Dirty:             12712 kB
Writeback:             0 kB
AnonPages:       2406012 kB
Mapped:           306320 kB
Shmem:            391124 kB
Slab:              75080 kB
SReclaimable:      39012 kB
SUnreclaim:        36068 kB
KernelStack:        9840 kB
PageTables:        46844 kB
NFS_Unstable:          0 kB
Bounce:                0 kB
WritebackTmp:          0 kB
CommitLimit:     6056432 kB
Committed_AS:    7328696 kB
VmallocTotal:   34359738367 kB
VmallocUsed:      363124 kB
VmallocChunk:   34359366140 kB
HardwareCorrupted:     0 kB
AnonHugePages:   1157120 kB
CmaTotal:              0 kB
CmaFree:               0 kB
HugePages_Total:       0
HugePages_Free:        0
HugePages_Rsvd:        0
HugePages_Surp:        0
Hugepagesize:       2048 kB
DirectMap4k:      164964 kB
DirectMap2M:     3921920 kB


CPU:total 4 (2 cores per cpu, 2 threads per core) family 6 model 42 stepping 7, cmov, cx8, fxsr, mmx, sse, sse2, sse3, ssse3, sse4.1, sse4.2, popcnt, avx, aes, clmul, ht, tsc, tscinvbit

/proc/cpuinfo:
processor	: 0
vendor_id	: GenuineIntel
cpu family	: 6
model		: 42
model name	: Intel(R) Core(TM) i5-2450M CPU @ 2.50GHz
stepping	: 7
microcode	: 0x25
cpu MHz		: 2900.000
cache size	: 3072 KB
physical id	: 0
siblings	: 4
core id		: 0
cpu cores	: 2
apicid		: 0
initial apicid	: 0
fpu		: yes
fpu_exception	: yes
cpuid level	: 13
wp		: yes
flags		: fpu vme de pse tsc msr pae mce cx8 apic sep mtrr pge mca cmov pat pse36 clflush dts acpi mmx fxsr sse sse2 ss ht tm pbe syscall nx rdtscp lm constant_tsc arch_perfmon pebs bts rep_good nopl xtopology nonstop_tsc aperfmperf eagerfpu pni pclmulqdq dtes64 monitor ds_cpl vmx est tm2 ssse3 cx16 xtpr pdcm pcid sse4_1 sse4_2 x2apic popcnt tsc_deadline_timer aes xsave avx lahf_lm ida arat epb pln pts dtherm tpr_shadow vnmi flexpriority ept vpid xsaveopt
bugs		:
bogomips	: 4988.69
clflush size	: 64
cache_alignment	: 64
address sizes	: 36 bits physical, 48 bits virtual
power management:

processor	: 1
vendor_id	: GenuineIntel
cpu family	: 6
model		: 42
model name	: Intel(R) Core(TM) i5-2450M CPU @ 2.50GHz
stepping	: 7
microcode	: 0x25
cpu MHz		: 2900.000
cache size	: 3072 KB
physical id	: 0
siblings	: 4
core id		: 1
cpu cores	: 2
apicid		: 2
initial apicid	: 2
fpu		: yes
fpu_exception	: yes
cpuid level	: 13
wp		: yes
flags		: fpu vme de pse tsc msr pae mce cx8 apic sep mtrr pge mca cmov pat pse36 clflush dts acpi mmx fxsr sse sse2 ss ht tm pbe syscall nx rdtscp lm constant_tsc arch_perfmon pebs bts rep_good nopl xtopology nonstop_tsc aperfmperf eagerfpu pni pclmulqdq dtes64 monitor ds_cpl vmx est tm2 ssse3 cx16 xtpr pdcm pcid sse4_1 sse4_2 x2apic popcnt tsc_deadline_timer aes xsave avx lahf_lm ida arat epb pln pts dtherm tpr_shadow vnmi flexpriority ept vpid xsaveopt
bugs		:
bogomips	: 4988.69
clflush size	: 64
cache_alignment	: 64
address sizes	: 36 bits physical, 48 bits virtual
power management:

processor	: 2
vendor_id	: GenuineIntel
cpu family	: 6
model		: 42
model name	: Intel(R) Core(TM) i5-2450M CPU @ 2.50GHz
stepping	: 7
microcode	: 0x25
cpu MHz		: 2899.902
cache size	: 3072 KB
physical id	: 0
siblings	: 4
core id		: 0
cpu cores	: 2
apicid		: 1
initial apicid	: 1
fpu		: yes
fpu_exception	: yes
cpuid level	: 13
wp		: yes
flags		: fpu vme de pse tsc msr pae mce cx8 apic sep mtrr pge mca cmov pat pse36 clflush dts acpi mmx fxsr sse sse2 ss ht tm pbe syscall nx rdtscp lm constant_tsc arch_perfmon pebs bts rep_good nopl xtopology nonstop_tsc aperfmperf eagerfpu pni pclmulqdq dtes64 monitor ds_cpl vmx est tm2 ssse3 cx16 xtpr pdcm pcid sse4_1 sse4_2 x2apic popcnt tsc_deadline_timer aes xsave avx lahf_lm ida arat epb pln pts dtherm tpr_shadow vnmi flexpriority ept vpid xsaveopt
bugs		:
bogomips	: 4988.69
clflush size	: 64
cache_alignment	: 64
address sizes	: 36 bits physical, 48 bits virtual
power management:

processor	: 3
vendor_id	: GenuineIntel
cpu family	: 6
model		: 42
model name	: Intel(R) Core(TM) i5-2450M CPU @ 2.50GHz
stepping	: 7
microcode	: 0x25
cpu MHz		: 2899.902
cache size	: 3072 KB
physical id	: 0
siblings	: 4
core id		: 1
cpu cores	: 2
apicid		: 3
initial apicid	: 3
fpu		: yes
fpu_exception	: yes
cpuid level	: 13
wp		: yes
flags		: fpu vme de pse tsc msr pae mce cx8 apic sep mtrr pge mca cmov pat pse36 clflush dts acpi mmx fxsr sse sse2 ss ht tm pbe syscall nx rdtscp lm constant_tsc arch_perfmon pebs bts rep_good nopl xtopology nonstop_tsc aperfmperf eagerfpu pni pclmulqdq dtes64 monitor ds_cpl vmx est tm2 ssse3 cx16 xtpr pdcm pcid sse4_1 sse4_2 x2apic popcnt tsc_deadline_timer aes xsave avx lahf_lm ida arat epb pln pts dtherm tpr_shadow vnmi flexpriority ept vpid xsaveopt
bugs		:
bogomips	: 4988.69
clflush size	: 64
cache_alignment	: 64
address sizes	: 36 bits physical, 48 bits virtual
power management:



Memory: 4k page, physical 3939304k(298612k free), swap 4086780k(3860180k free)

vm_info: Java HotSpot(TM) 64-Bit Server VM (25.72-b15) for linux-amd64 JRE (1.8.0_72-b15), built on Dec 22 2015 22:00:07 by "java_re" with gcc 4.3.0 20080428 (Red Hat 4.3.0-8)

time: Sat Sep  3 21:48:08 2016
elapsed time: 15429 seconds (0d 4h 17m 9s)

